TN:
SF:bin/utils.js
FN:6,(anonymous_0)
FN:10,(anonymous_1)
FN:19,(anonymous_2)
FN:22,(anonymous_3)
FNF:4
FNH:4
FNDA:3,(anonymous_0)
FNDA:3,(anonymous_1)
FNDA:1,(anonymous_2)
FNDA:5,(anonymous_3)
DA:6,1
DA:7,3
DA:8,3
DA:9,3
DA:10,3
DA:11,3
DA:12,3
DA:14,0
DA:16,0
DA:19,1
DA:20,1
DA:22,1
DA:23,5
DA:24,2
DA:25,1
DA:27,1
DA:28,1
DA:30,2
DA:32,3
DA:33,2
DA:35,3
DA:36,1
DA:38,3
DA:40,1
LF:24
LH:22
BRDA:23,0,0,2
BRDA:23,0,1,3
BRDA:23,1,0,5
BRDA:23,1,1,4
BRDA:24,2,0,1
BRDA:24,2,1,1
BRDA:32,3,0,2
BRDA:32,3,1,1
BRDA:35,4,0,1
BRDA:35,4,1,2
BRF:10
BRH:10
end_of_record
